#############################################################################################################################################
#.................#.................#.............#.......#...................#.......#.............................#...#.......#.........#O#
#.#.###############.#####.#####.###.#.#########.###.#.###.#.#################.#.#####.#.#.#####.#################.#.###.#.###.#.#.#.#.###.#O#
#.#.#.....#.........#...#.#...#.#.#.#.........#.....#.#...#.....#...#.........#.#.......#.#.....#.....#.#.........#...#.......#.#.#.#...#.#O#
###.#.###.#.#########.#.###.#.#.#.#.###.#############.#.###.###.#.###.#########.#.#####.#.#######.###.#.#.#######.###.#######.#.#.#.#.#.#.#O#
#...#...#...#...#...#.#.#...#...#.....#.#...#.........#...#...#.#.#...#.......#.#...#.....#.......#...#.#.#.#.......#.#...#...#.#.#.#.#...#O#
#.#####.#####.###.#.#.#.#.###.#######.###.#.#.###########.#####.#.#.###.#####.#.###.#.#.###.#######.###.#.#.#.###.###.#.#.#.#.#.#.#.#####.#O#
#.......#...#...#.#.#.#...#...#...#.................................#...#...#...#...#.#.#.....#.............#...#.....#.#...#.#...#.....#OOO#
#.#######.#.#.#.#.#.#.#######.#.#.#.###.###.#.#.#.#####.###.#.###.#.#.#####.###.#.###.#.#.###.#.#.#.#.###.#####.#.#####.#####.###.#####.#O###
#.#.....#.....#.#.#...#.....#.#.#.#.....#.#.#.#.....#.#...#...#...#.#.....#.....#...#...#.#.....#...#.....#...#.......#.#...#...#.....#..O..#
#.#.###.#####.#.#.#####.###.#.#.#.#######.#.#.#####.#.#.#######.#.#.#.###.#####.###.###.#.#.#.#############.#.###.###.#.###.#.#.#####.###O#.#
#.#...#.....#.#.#.#.....#...#.#.#.....#.....#...#.#...#...#.............#.....#...#...#...#.#.#.....#.....#.#.....#...#...#...#...#...#..O..#
#.###.#####.###.#.#.#####.#####.#####.#.#####.#.#.#.#####.#.###########.#####.###.###.#####.#.#.###.#.###.#.#####.#.#####.#.#.###.###.#.#O###
#.....#.....#...#.#.#.....#.....#.....#.....#.#.#...#.....#.#.........#.....#...#...#.....#.......#.....#...#...#.#.......#.....#...#.#..OOO#
#######.#####.#.#.#.#.#####.#.###.#########.#.#.#.###.###.#.#####.###.#########.#######.#####.#########.#.###.#.#.#########.#.#.###.#######O#
#.....#.#.....#.#...#.......#...#.......#.#.#.#.#.#.#.#...#.#...#.#.......#.....#...#...#.....#.......#.#.....#...#.....#.....#...#...#....O#
#.###.#.#.###.#.###.#########.#.#####.#.#.#.###.#.#.#.#.###.#.#.#.#######.#.#####.#.#.###.###.#.#####.#.#.###########.#.#.###.#.#.###.#.###O#
#.#...#.#.#...#.#.............#.#.......#.#.....#.#.#.#...#...#.#...#.....#.#.....#.#...#.#...#...#...#.#.#.....#.....#.#...#...#...#......O#
#.#.###.###.###.###.#########.###.#######.#####.#.#.#.#########.#.#.#.#####.#.#####.#.#.#.#.#####.###.#.#.#.#.###.#.###.#####.#.#####.#.#.#O#
#.#.#...#...#.#...#.#.......#...#.#.............#...#.........#.#.#.#.#...#.......#...#.#.#.....#...#.....#.#.#...#...#.......#.#.......#..O#
#.#.#.###.###.###.#.#####.#####.#.#.#.#############.#########.#.###.#.###.#.#######.#.#.#.#####.###.#########.#.#####.###########.#####.###O#
#.#...............#...#...#.....#...#.......#.......#.......#.....#.#...#...#.....#.#...#.#...#...#.........#...#...#.........#OOOOOOOOOOOOO#
#.#.#.#.###.#.#######.#.#.#.###.###.#.#####.#.###########.#######.#.###.#####.###.#######.###.###.#.#######.#.#####.#########.#O###.#####.#.#
#.#...#...#.#.#.....#...#.#.#.....#.#...#.#.......#.......#...#.#...#.#.....#.#...#.......#.....#.#.......#.#.....#.......#...#OOO#...#.#.#.#
#.#######.#.#.#.###.#######.#.#####.###.#.#######.#.###.###.#.#.#####.#####.#.#.#.#.#######.#.###.#######.#.#####.#.###.#.#.#####O###.#.#.#.#
#.#.......#.#.#...#.......#.#.#.#...#.....#...#.#...#...#...#.#...........#.#.#...#.#...#...#.#...#...#...#.#...#.#.#...#.......#O#.....#.#.#
#.#####.###.#.###.#######.#.#.#.#.#########.#.#.#####.###.###.#.###.#.#.#.#.#.#.###.#.#.#.#.###.###.#.#.###.#.#.#.#.#.###.###.###O#.#####.###
#.......#.........#.....#...#...#.....#.....#.........#.......#...#...#.#.....#...#.#.#...#.....#...#.#...#.#.#...#.#.#...#...#OOO#.#...#...#
#########.#.#########.#.#.#####.#####.#.#####.#.###.###.###.#####.#####.#########.#.#.#.#.#########.#.#.###.#.#####.#.#.###.#.#O#####.#.###.#
#.#.......#...#.......#...#...#.#...#...#...#.#.......#.#.#.....#.#...#...#.......#.#...............#.#.#...#...#.#.#.#.#OOO#.#O......#.....#
#.#.#.#########.#.#########.#.#.#.#######.#.#.#####.###.#.#####.#.#.#####.#.#######.#.###############.#.#.#####.#.#.#.#.#O#O###O###########.#
#...#.......#...#.....#.....#...#.......#.#.#.#.........#.#.....#...#.....#.........#...#...........#.#.#.#...#.#.#.#OOOOO#OOO#O#.......#...#
#.#########.#.#######.#.#############.#.#.#.#.#.#########.#.#####.###.#######.#########.#.#########.#.###.#.###.#.#.#O###.###O#O#.#####.###.#
#...#.....#...#.#.....#...#...#.....#.#.#.#.#...#.........#.....#.#...#.......#...#.....#.#.#.......#.....#...#.#...#O#.#...#O#O#.#...#...#.#
###.###.#######.#.###.###.#.#.#.#.#.#.#.#.#.#####.#######.#####.#.#.###.#####.#.#.#.#####.#.#.###.#########.#.#.#####O#.###.#O#O#.###.###.###
#.#...#.#.......#.#.#.#...#.#...#.#.#.#...#.....#...#.#...#...#.#.#.....#.#.....#.#.#...#...#.#.#.#........OOO..#OOOOO#.....#OOO#...#...#...#
#.###.#.#.#####.#.#.#.#.#########.#.###.#####.#####.#.#.#.#.#.#.#.#######.#.#####.#.#.#####.#.#.#.#.#.#####O#O###O###O#############.#.#####.#
#.....#.....#...#.#...#...........#.........#...#.....#.#...#.#.#.........#.#.#...#.........#.#...#.#.....#O#OOOOO#OOO#.............#.#.....#
#.#########.#.###.#########################.###.#.#####.#####.#.#########.#.#.#.#####.#.#####.#.###.###.#.#O#######O###.#############.#.#####
#.......#.#.#...#.............#.......#.......#.#.#...#.#.......#.....#...#...#...#...#.#.....#...#.....#.#OOO#...#O#...#...#.........#.....#
#######.#.#.###.###########.#.#.#.###.#.#.###.#.#.#.#.#.#.#####.#.###.#######.###.#####.#.#####.#####.###.###O#.###O#.###.#.#.#.#####.#####.#
#...#...#.#...#.#.......#...#.#.#.#...#.#.#...#...#.#.#.#...#...#.#.#.#.....#.#.#.....#.#.#.....#.......#...#O#OOOOO#.....#.#.#.#.#...#...#.#
#.#.#.###.###.#.#.#.###.#.#####.#.#####.#.#.###.###.#.#.###.#####.#.#.#.###.#.#.#####.#.#.#.#####.#.###.###.#O#O###########.###.#.#.#####.#.#
#.#.#.#.#.....#...#...#.#.......#.......#...#...#...#.#...#.....#.#.#...#...#.#...#...#.#.#.#...#.#...#...#.#O#O#.#.......#.................#
#.###.#.#.###########.#.#######################.#.###.#.#.#####.#.#.#####.#.#.#.###.###.#.#.#.#.#.###.###.#.#O#O#.#.###.#.#######.#####.#.#.#
#...#.#...#...#.....#.#.#.............#.......#.#.#.....#.....#.#...........#...#...#...#.#...#.#...#.#...#.#O#OOOOO#.#.#.#.....#.....#.#.#.#
###.#.#####.#.#.#.#.#.#.#######.#####.#.#####.###.#########.#.#.#.###.#####.#.###.###.###.#.#.###.###.#####.#O#####O#.#.###.#.###.#.###.#.#.#
#...#.......#.....#.#.#...#.....#...#.#.#...#...#...#.....#...#...#.........#.#...#.....#...#.#...#...#.....#OOOOOOO..#.#...#.....#...#...#.#
#.#.#######.#####.#.#.###.#.#######.#.#.###.###.#.#.#.###.#.#######.###.#####.#.###.#######.###.###.###.#####O#########.#.#########.#.###.#.#
#.#...#.#.........#...#.#.....#...#.#.#...#.#...#.#.....#.....#.....#...#.....#.#.....#...#.......#.........#O......#...#.#........OOOOOOOOO#
#.###.#.#.#.#####.#####.#.#.#.#.#.#.#.#.#.#.#.#######.###.###.#.###.#####.#####.#.#####.#.###########.#####.#O#####.#.#.#.###.#.###O#######O#
#.#.....#...#.#...#.....#.#.#.#.#...#.#.#.#.#.......#.#...#...#.....#.....#...#...#.....#...........#.#...#.#O#...#.#.#.#..........O......#O#
#.###.#.###.#.#.#.#.#.#.#.###.#.###.#.###.#.#####.#.#.#.###.###.#.###.#.###.#######.#####.###.#####.###.#.###O#.#.#.#.#############O#.###.#O#
#.....#...#...#.#.#.#.#.......#...#.#.....#.......#.#.#...#.#...#.#...#...........#.#.....#.......#.....#....O#.#.....#OOOOOOOOO..#O#.#...#O#
#.###.###.#.#.#.###.#.#.#######.#.#########.#####.#.#####.#.#.#.###.###.#######.#.#.#######.#####.###.#.#####O#########O#.#####O###O#.#.###O#
#.#...#...#.#.#.....#.#.#.......#.#...........#...#.....#.#.#...#...#.#...#...#.#.#.#.......#...#.#.#...#...#O#OOOOOOOOO#.....#O#..O#.#...#O#
###.#.#.###.#.#######.###.#######.#.###.###.#.#.#######.#.###.#.#.###.#.###.#.#.#.#.#.#####.#.###.#.#####.#.#O#O#########.#.#.#O#.#O#####.#O#
#...#.#.....#.#.....#.#...#.#.....#.#.#.....#.#.#...#...#...#.#.#.#.....#...#.#.#.#.#.#.........#.#.......#.#OOO..#.....#.#.#.#O#.#O......#O#
#.###.#####.#.#.#####.#.###.#.#####.#.#######.###.#.#.#####.#.#.#.###.###.###.#.#.#.#.#########.#.#######.#.#.###.###.#.#.###.#O#.#O#.###.#O#
#.#.........#.#...#...#.....#.....#.#.......#.....#.........#.#.#...#.#...#.#...#.#...#.........#.......#.#.#.#.#...#.#.#...#.#O#..O..#...#O#
#.#########.#.###.#.#######.#####.#.#######.#######.#########.#.###.#.#.###.#####.#.#.#.#######.#######.#.#.#.#.###.###.###.#.#O###O###.###O#
#...#.........#...#.....#...#...#...#.....#...#.........#.....#.#...#.#.#...#.....#.#...#...#.#.......#.#.#...#...#.#...#...#.#OOOOO#.....#O#
#.#.#.#####.###.#.###.###.#####.#####.###.#.###.#######.#.#.#####.#####.#.#.#.#####.#####.#.#.#######.#.#####.###.#.#.###.###.###.#.#.#####O#
#.#...#.........#.#.....#.#.......#...#...#.#...#.........#.#.....#.....#.#.......#...#...#...#...#...#.#...#.....#...#...#.......#...#.#..O#
#.#######.#.#####.#.###.#.#.#.###.#.#####.#.#.#####.#######.#.#####.#####.#######.###.#.#.###.#.#.#.###.#.#.#####.###.#.#######.###.###.#.#O#
#.........#.....#.#...#...#.#.#.#.#.....#.#.#.#...#.#.......#.#.....#.......#...#...#...#.#...#.#.....#...#.#...#...#.#.......#.#.......#.#O#
###########.###.#.#.#########.#.#.#####.#.#.#.#.#.###.#.###.#.###.###.#######.#.###.#####.#####.#####.#####.#.#.#####.#.#.###.###.#######.#O#
#.....#.....#.#...#...........#.........#.#.#...#.....#.#...#...#.#.#.#.....#.#.#...#...#.#...#.#...........#.#.......#.#.#.#.....#.......#O#
#.###.#.###.#.#######.###################.#.###########.#.#.#.#.#.#.#.#.###.#.#.#####.#.#.#.#.#.#.#.#######.#.#########.#.#.#.#####.###.###O#
#.#...#.#.#...........#.....#...#...#.........#.......#...#...#.#.#.#.#...#...#.......#.#...#...#.#.#.......#...#...#...#.#.......#.......#O#
###.###.#.#.#####.#####.###.#.#.#.#.#########.#####.#.#######.#.#.#.#.###.#############.#.#######.#.#.#.###.###.#.###.###.#.#####.#######.#O#
#.................#...#.#.#.#...#.#.......#.#.#.....#.....#...#...#...#.#...#.........#.#.#.#.....#.#.#.......#.#...#.....#.....#.......#.#O#
#.#.#.###.###.###.#.#.#.#.#.#.#.#.#######.#.#.#.###########.#.#.#.#####.###.###.#.#####.#.#.#.#######.#.#.###.#.###.###########.#########.#O#
#.#.#...#...#...#.#.#...#.#...#...#.....#...#.#...#.........#.#.#.#...#...#...#.#.#.....#.#.#.........#...#.#...#OOOOOOOOO#OOOOO#OOOOOOOOOOO#
#.#.###.###.###.###.#####.#########.###.#.#.#.###.#.#.#.#######.#.#.#.###.#.#.#.###.#####.#.###############.#####O#######O#O#O#O#O#####.#.###
#.#...#...#...#.#...#.......#.......#...#.#...#...#.#.#...#.....#...#...#.#.#.#.....#.............#..............OOOOO#..OOO#OOOOO#.....#...#
#.#.#.###.#####.#.###.#.#####.#######.#.#.#.###.###.###.#.#.#########.#.#.#.#.#.#####.#########.#.#.###.###.#####.###O#######.###.#.###.###.#
#...#...#...#...#...#.#.......#.#.....#.#.#...#.#...#...#...#...#.....#.#.#.#.#.....#.#.......#.#...#...#.#.....#.#..O#.....#...#.#...#.#.#.#
#.#.#######.#.#.###.#######.###.#.#######.###.#.#.###.#######.#.#.#####.#.###.#####.###.#####.#.#####.###.#####.#.#.#O#.###.###.#####.#.#.#.#
#.#.......#.#.#...#.......#.#...#.......#...#...#.#...#.......#.#.#.....#.....#...#.....#...#.#.......#.....#...#.#.#O#.#.....#...#...#...#.#
#.#.#####.#.#.###.#######.#.###.#######.###.#####.#.#######.###.#.#.###########.#.#########.#.#########.###.#.#####.#O#.#####.###.#.#######.#
#.#.....#...#.#.........#.#...#.......#...#.......#.......#.#.....#...#.......#.#.#.........#...#.......#.....#.....#OOOOOOO#...#...#.......#
#.#.#.#######.###.#######.###.#.#####.###.#######.#######.#.#########.#####.#.#.#.#.#.#.#######.#.#######.###.#.###########O###.#####.#######
#.#.#.#...................#.#...#.....#...#.....#.#...#...#...#.#.....#...#.#.#.#...#.#.#.......#.......#...#.#...#.....#..O#.#.......#.....#
#.#.#.#.#######.#.#######.#.#####.#####.#.#####.#.###.#.###.#.#.#.#####.#.#.###.#####.#.#.#################.#.#.#.#.#.###.#O#.#########.#.#.#
#...#.#.#...#...#.#.#...........#.#.....#.......#...#.#.#...#.#...#.....#...#.....#...#.#.................#...#.#...#...#.#O#.....#.....#.#.#
###.#.#.#.#.#.#.#.#.#.#######.###.#.#####.#########.#.#.#.###.#.###.###.###.#.###.#.###.#################.#.#######.###.#.#O#.#.#.#####.#.#.#
#...#.....#.#.#.#.#.#.#.....#.....#.....#.#.......#...#.#...#.#...#...#...#.#.#...#...#.#...#...........#.#.#.......#...#.#O#.#.#.........#.#
#.###########.###.#.#.#.###.###.#######.#.#.#####.###.#.#.#.#.###.#######.###.#.#.###.#.#.#.#.#######.#.#.#.#.#####.#.###.#O#.#.#####.#.#.#.#
#.#...............#.#.#.#.#.........#.#...#.#...#.....#.#.#...#.#.......#.....#.#...#.#.#.#...#.#.....#.#.#...#.......#...#OOO#...#.#.....#.#
#.#.#.#########.###.#.#.#.#####.#.#.#.###.#.#.#.#######.#.#####.#######.#.#######.#.#.#.#.#####.#.#######.###########.#.#####O###.#.#.#.###.#
#.#.#.....#...#.#...#...#.....#...#...#.#...#.#.......#...#...........#.#.........#...#.......#.#.......#...........#.#.#...#OOO#.#...#...#.#
#.#######.#.#.#.#.#######.###.#######.#.#####.###.#######.###.#########.#.#.###.###.###.#####.#.#######.#.#.#######.#.#.#.#.#.#O#.#####.#.###
#...#.....#.#.#.#.........#...#.....#.....#.....#.............#.........#.......#...#.......#.....#.#...#.#...#...#.#.#...#...#O#.#.....#...#
###.#.#####.#.#.###.#####.#####.###.#####.###############.###.#.#######.#####.#.#.###############.#.#.###.#.#.###.#.###########O#.#.###.###.#
#.#...#...#.#.#.........#.........#.....#...#...#...#.....#...#.#...#...#.....#.#.............#...#.#.....#.#.#...#.#........OOO#...#.....#.#
#.###.#.#.#.#.#########.#.#.#######.###.###.#.#.#.#.#.#######.#.#.#.#.###.#####.###########.#.#.###.###.###.#.#.###.#.#####.#O###.###.#.#.#.#
#.....#.#...#.....#.....#.#.....#...#.....#...#.#.#...#.....#.#.#.#...#...#.....#...........#.#...#.......#.#.#...#.#.#...#.#O#.............#
#######.###.#####.#.#####.#####.#.#############.#.#####.###.###.#.#####.#####.#.#.#####.#####.###.#.#####.###.#.#.#.#.#.###.#O#.###.###.#####
#.....#.........#...#.........#.#.............#.#.#.....#.#.....#.....#.#.....#.#.#.#.......#.#...#.#...#.#...#.#...#.#...#.#O#...#.#...#...#
#.###.#.###.###.#####.#####.#.#.#########.###.#.#.#.#.###.#####.###.#.#.#.#######.#.#.#.#####.#.###.###.#.#.###.#####.#.#.#.#O###.#.#.###.#.#
#...............#...#.#...#.#.#.....#.#...#...#...#.........#.....#.#.....#.......#...#.......#.#...#...#...#.#.......#.#.#..O#.....#.#...#.#
#.#.#.#.#.#.#####.###.#.#.###.#####.#.#.#########.###.#####.#.###.#########.#######.###########.###.#.#.#####.#########.#.###O#######.#.###.#
#.#.....#.#...#.......#.#...#.....#.#.#.......#...#.#.....#...#.#...........#.....#.#.........#.....#.#.#.....#...#.....#....OOOOOOO#...#...#
#.#####.#.#.#.#.#######.###.#.###.#.#.###.#.#.#.###.#.###.#####.###############.#.#.#.#.#.#.#########.#.###.#.#.#.###########.#####O#.###.#.#
#.............#.....#...#...#...#.#...#.#.........#.....#.....#.........#.......#.#.#.#.#.#...........#.....#...#...#.......#.#OOOOO#...#...#
#.#.#.#.#.#.#########.###.###.#.#.###.#.#########.###########.#.###.#####.###.#####.#.#.###.###.###################.#.#####.#.#O#####.###.#.#
#.#.#.#.#...#.........#.#.#...#.#...#.....#.#...#.........#.......#.....#.#.#.......#.#.......#...#.....#.........#.#.#...#.#.#O#.......#.#.#
#.#.#.#.###.#.#####.###.#.#.###.###.#####.#.#.#.#########.#.#.###.#####.#.#.###############.#####.###.#.###.#.#.#.#.#.#.#.#.#.#O#####.#.###.#
#.#...#.....#.#.....#...#.#.#.#...#.#...#.#.#.#...#.....#.#.#...#.....#.........#.........#.#.....#...#...#.#.#...#...#.#.#...#O......#.....#
#.#####.###.#.#.###.#.###.#.#.###.###.#.#.#.#.###.###.#.#.#.###.#####.#.#######.#####.###.#.#.#####.#####.###.#.#######.#.#####O#####.###.#.#
#.#.....#.#.#.#.......#...#.....#.#...#.#...#.#.#...#.#.#.#...........#.#.....#.....#.#...#.#...#...#...#.....#.........#.#....O....#...#...#
#.###.#.#.#.#.###.#.###.#####.#.#.#.###.###.#.#.###.#.###.###.###.#####.#.#.#######.#.#.#######.###.#.#.#################.###.#O###.#.#.###.#
#.....#.#.........#.#...#...#.#...#...#.....#...#...#...........#.#.....#.#.....#...#.#.........#...#.#.....#.....#.....#...#..O#...#.#...#.#
#######.#.#.#.#.###.#.###.#.#.#.###.#.###.#####.#.###.#########.###.###.#.###.###.###.###########.#####.#####.#.###.###.###.###O#.###.#.#.#.#
#.....#.#.#.....#...#...#.#.#.#.....#...#...#.........#.....#.#.........#...#.......#...#...#.........#.......#.....#...#......O..#...#.....#
#.#.#.#.#.#############.#.#.#########.#.#####.###.###.#.###.#.#######.#.###.###.###.###.#.#.#.#######.#.###.#########.###.#####O###.###.#.###
#...#.#...#...#.........#.#.........#.#.#.....#.#...#.#.#.#.#...........#...#.#.........#.#.#...#...#.#.........#...#......OOOOO..#...#.....#
###.###.#.###.#.#######.#.#####.###.#.#.#.#####.###.###.#.#.###########.#.###.#######.#####.###.#.#.#.#########.###.#######O#####.###.#.#.###
#...#.........#.#.#.....#.......#...#.#...........#.....#.#...#.....#...#.........#...#...#.....#.#.#...#.....#...........#O#.....#...#.#...#
#.###.#.#######.#.#.#####.#.#.###.###.#####.#.#########.#.###.#.###.#############.#.#.#.#.#.#####.#.###.###.#########.#####O#.#####.###.#.#.#
#.....#.........#.......#.#.#...#...#...#...#.....#...........#...#.........#.....#.#...#.#.......#...#...#OOOOO#.....#OOOOO#.....#.........#
#.#####.#########.###.###.#.###.###.###.#.#######.#.#.#.###.#.###.#.#####.###.#.#########.#####.#########.#O###O#.#####O#########.#.###.###.#
#.....#...#.........#...#.#.#.#...#...#.#.......#.....#.#...#...#.....#...#...#...........#.#...#OOOOOOOOOOO..#OOOOOOOOO#.......#.#...#...#.#
#####.###.#.#######.#.#.#.#.#.#.#.#.#.#.#####.#########.#.###########.#.###.#####.#########.#.###O###########.#########.#.#.###.#.###.#.#.#.#
#...#...#.#.#.....#.#.#...#...#.#.#.#.#...#...#.....#...#.......#.....#.....#.....#.......#.#...#O#.......#...#.#.......#.#.................#
#.###.#.#.#.#.###.#.#.#########.###.#####.###.#.###.#.#########.#.###########.#.###.#####.#.###.#O#####.#.#.###.#.###########.###.###.#.###.#
#.......#.#.#...........#.....#OOO#.....#...#.#.#...#.........#.#.#...#.....#.#...#.#...#.#.#...#OOO..#.#.#.....#.#.........#.#...#...#.....#
#.#.#####.#.###.#.#####.#.###.#O#O#####.###.###.#.#######.#####.#.#.###.###.#.###.#.#.#.#.#.#.#####O#.#.#.#####.#.#####.###.#.#.#.#.###.#.###
#...#.#.......#.#...#...#.#...#O#OOOOO#...#.....#.....#...#...#...#.....#.#...#.#.#...#.#...#...#..O#.#.......#.#.......#...#.#.#.#.....#.#.#
#.#.#.#.#.#####.###.#.###.#.###O###.#O###.###########.#.###.#.#.#.#.#####.###.#.#.#####.#######.#.#O#.#.###.###.#########.###.#.#######.#.#.#
#.......#.#.....#.#...#...#.#.#O#.#.#O#.#...#.....#.............................#.#...#OOOOO..#.#.#O#.#.#.#.#.....#.......#...#.........#...#
#####.#.#.#.#####.#######.#.#.#O#.#.#O#.###.#.###.#.#########.#####.#.#########.#.#.#.#O###O###.###O#.#.#.#.#.#####.#######.#.#######.#.###.#
#.....#..........OOOOOOOOOOOOOOO..#.#O#...#.#.#.#.#.........#...#...#...#.....#.#...#.#O#OOO#...#OOO#.#...#...#.#...#.......#.....#...#...#.#
#.#####.#.#.#####O#.#.###.#.#.###.#.#O#.###.#.#.#.#########.#.###.#.#.#.#####.#.#####.#O#O#.#.###O#.#.###.#####.#.#####.#.#######.#.###.#.#.#
#.#.....#.#.#...#O#...#.....#.....#.#O#.#...#.#.#...................#.......#.#.#OOO..#O#O#.#...#O#...#.....#...#.....#.#.....#.#.#...#...#.#
###.#####.#.#.#.#O#####.#.#######.#.#O#.#.###.#.###.###.###########.###.###.#.#.#O#O###O#O#####.#O#.#######.#.#######.#######.#.#.###.#.###.#
#...#.....#...#.#OOO#...#.......#.#.#O#OOOOOOOOOOOOOOOOOOOOOOOOOOO#.........#...#O#O#OOO#OOO..#.#O#...#...#...#.....#...#.....#...#.#.#...#.#
#.#############.###O#.###.###.#.###.#O#O#########O#.#.#####.#####O#.###.#########O#O#O#####O###.#O###.#.#.#####.#.#####.#.#####.###.#.#####.#
#OOOOOOOOOOOOOOOOOOO#.........#.....#OOOOOOOOOOOOO#.........#....OOOOOOOOOOOOOOOOO#OOO....#OOOOOOO..#...#.......#.........#.........#.......#
#############################################################################################################################################
